Der Buildvorgang wurde am 03.02.2013 19:22:09 gestartet.
Projekt "Z:\vc_prak\Superbowl\Superbowl\Superbowl.vcxproj" auf Knoten "2", build Ziel(e).
InitializeBuildStatus:
  "Debug\Superbowl.unsuccessfulbuild" wird erstellt, da "AlwaysCreate" angegeben wurde.
GenerateTargetFrameworkMonikerAttribute:
Das Ziel "GenerateTargetFrameworkMonikerAttribute" wird übersprungen, da alle Ausgabedateien hinsichtlich der Eingabedateien aktuell sind.
ClCompile:
  Alle Ausgaben sind aktuell.
  Alle Ausgaben sind aktuell.
  Alle Ausgaben sind aktuell.
ResourceCompile:
  Alle Ausgaben sind aktuell.
Link:
  Alle Ausgaben sind aktuell.
  Superbowl.vcxproj -> Z:\vc_prak\Superbowl\Debug\Superbowl.exe
FinalizeBuildStatus:
  Die Datei "Debug\Superbowl.unsuccessfulbuild" wird gelöscht.
  Aktualisieren des Timestamps von "Debug\Superbowl.lastbuildstate".
Die Erstellung des Projekts "Z:\vc_prak\Superbowl\Superbowl\Superbowl.vcxproj" ist abgeschlossen, build Ziel(e).

Das Erstellen war erfolgreich.

Verstrichene Zeit 00:00:00.85
